ERROR - 2026-04-14 16:26:33 --> Error connecting to the database: mysqli_sql_exception: Access denied for user ''@'localhost' (using password: NO) in C:\xampp\htdocs\codeigniter4-framework-v4.7.0-0-ge7753bc\codeigniter4-framework-e7753bc\system\Database\MySQLi\Connection.php:201
Stack trace:
#0 C:\xampp\htdocs\codeigniter4-framework-v4.7.0-0-ge7753bc\codeigniter4-framework-e7753bc\system\Database\MySQLi\Connection.php(201): mysqli->real_connect('localhost', '', Object(SensitiveParameterValue), '', 3306, '', 0)
#1 C:\xampp\htdocs\codeigniter4-framework-v4.7.0-0-ge7753bc\codeigniter4-framework-e7753bc\system\Database\BaseConnection.php(419): CodeIgniter\Database\MySQLi\Connection->connect(false)
#2 C:\xampp\htdocs\codeigniter4-framework-v4.7.0-0-ge7753bc\codeigniter4-framework-e7753bc\system\Database\BaseConnection.php(654): CodeIgniter\Database\BaseConnection->initialize()
#3 C:\xampp\htdocs\codeigniter4-framework-v4.7.0-0-ge7753bc\codeigniter4-framework-e7753bc\system\Database\BaseBuilder.php(1649): CodeIgniter\Database\BaseConnection->query('SELECT *\nFROM `...', Array, false)
#4 C:\xampp\htdocs\codeigniter4-framework-v4.7.0-0-ge7753bc\codeigniter4-framework-e7753bc\system\Model.php(254): CodeIgniter\Database\BaseBuilder->get()
#5 C:\xampp\htdocs\codeigniter4-framework-v4.7.0-0-ge7753bc\codeigniter4-framework-e7753bc\system\BaseModel.php(675): CodeIgniter\Model->doFindAll(0, 0)
#6 C:\xampp\htdocs\codeigniter4-framework-v4.7.0-0-ge7753bc\codeigniter4-framework-e7753bc\app\Controllers\TaskController.php(11): CodeIgniter\BaseModel->findAll()
#7 C:\xampp\htdocs\codeigniter4-framework-v4.7.0-0-ge7753bc\codeigniter4-framework-e7753bc\system\CodeIgniter.php(951): App\Controllers\TaskController->index()
#8 C:\xampp\htdocs\codeigniter4-framework-v4.7.0-0-ge7753bc\codeigniter4-framework-e7753bc\system\CodeIgniter.php(497): CodeIgniter\CodeIgniter->runController(Object(App\Controllers\TaskController))
#9 C:\xampp\htdocs\codeigniter4-framework-v4.7.0-0-ge7753bc\codeigniter4-framework-e7753bc\system\CodeIgniter.php(340): CodeIgniter\CodeIgniter->handleRequest(NULL, Object(Config\Cache), false)
#10 C:\xampp\htdocs\codeigniter4-framework-v4.7.0-0-ge7753bc\codeigniter4-framework-e7753bc\system\Boot.php(417): CodeIgniter\CodeIgniter->run()
#11 C:\xampp\htdocs\codeigniter4-framework-v4.7.0-0-ge7753bc\codeigniter4-framework-e7753bc\system\Boot.php(68): CodeIgniter\Boot::runCodeIgniter(Object(CodeIgniter\CodeIgniter))
#12 C:\xampp\htdocs\codeigniter4-framework-v4.7.0-0-ge7753bc\codeigniter4-framework-e7753bc\public\index.php(59): CodeIgniter\Boot::bootWeb(Object(Config\Paths))
#13 C:\xampp\htdocs\codeigniter4-framework-v4.7.0-0-ge7753bc\codeigniter4-framework-e7753bc\system\rewrite.php(44): require_once('C:\\xampp\\htdocs...')
#14 {main}

Next CodeIgniter\Database\Exceptions\DatabaseException: Access denied for user ''@'localhost' (using password: NO) in C:\xampp\htdocs\codeigniter4-framework-v4.7.0-0-ge7753bc\codeigniter4-framework-e7753bc\system\Database\MySQLi\Connection.php:231
Stack trace:
#0 C:\xampp\htdocs\codeigniter4-framework-v4.7.0-0-ge7753bc\codeigniter4-framework-e7753bc\system\Database\BaseConnection.php(419): CodeIgniter\Database\MySQLi\Connection->connect(false)
#1 C:\xampp\htdocs\codeigniter4-framework-v4.7.0-0-ge7753bc\codeigniter4-framework-e7753bc\system\Database\BaseConnection.php(654): CodeIgniter\Database\BaseConnection->initialize()
#2 C:\xampp\htdocs\codeigniter4-framework-v4.7.0-0-ge7753bc\codeigniter4-framework-e7753bc\system\Database\BaseBuilder.php(1649): CodeIgniter\Database\BaseConnection->query('SELECT *\nFROM `...', Array, false)
#3 C:\xampp\htdocs\codeigniter4-framework-v4.7.0-0-ge7753bc\codeigniter4-framework-e7753bc\system\Model.php(254): CodeIgniter\Database\BaseBuilder->get()
#4 C:\xampp\htdocs\codeigniter4-framework-v4.7.0-0-ge7753bc\codeigniter4-framework-e7753bc\system\BaseModel.php(675): CodeIgniter\Model->doFindAll(0, 0)
#5 C:\xampp\htdocs\codeigniter4-framework-v4.7.0-0-ge7753bc\codeigniter4-framework-e7753bc\app\Controllers\TaskController.php(11): CodeIgniter\BaseModel->findAll()
#6 C:\xampp\htdocs\codeigniter4-framework-v4.7.0-0-ge7753bc\codeigniter4-framework-e7753bc\system\CodeIgniter.php(951): App\Controllers\TaskController->index()
#7 C:\xampp\htdocs\codeigniter4-framework-v4.7.0-0-ge7753bc\codeigniter4-framework-e7753bc\system\CodeIgniter.php(497): CodeIgniter\CodeIgniter->runController(Object(App\Controllers\TaskController))
#8 C:\xampp\htdocs\codeigniter4-framework-v4.7.0-0-ge7753bc\codeigniter4-framework-e7753bc\system\CodeIgniter.php(340): CodeIgniter\CodeIgniter->handleRequest(NULL, Object(Config\Cache), false)
#9 C:\xampp\htdocs\codeigniter4-framework-v4.7.0-0-ge7753bc\codeigniter4-framework-e7753bc\system\Boot.php(417): CodeIgniter\CodeIgniter->run()
#10 C:\xampp\htdocs\codeigniter4-framework-v4.7.0-0-ge7753bc\codeigniter4-framework-e7753bc\system\Boot.php(68): CodeIgniter\Boot::runCodeIgniter(Object(CodeIgniter\CodeIgniter))
#11 C:\xampp\htdocs\codeigniter4-framework-v4.7.0-0-ge7753bc\codeigniter4-framework-e7753bc\public\index.php(59): CodeIgniter\Boot::bootWeb(Object(Config\Paths))
#12 C:\xampp\htdocs\codeigniter4-framework-v4.7.0-0-ge7753bc\codeigniter4-framework-e7753bc\system\rewrite.php(44): require_once('C:\\xampp\\htdocs...')
#13 {main}
CRITICAL - 2026-04-14 16:26:33 --> CodeIgniter\Database\Exceptions\DatabaseException: Unable to connect to the database.
Main connection [MySQLi]: Access denied for user ''@'localhost' (using password: NO)
[Method: GET, Route: /]
in SYSTEMPATH\Database\BaseConnection.php on line 465.
 1 SYSTEMPATH\Database\BaseConnection.php(654): CodeIgniter\Database\BaseConnection->initialize()
 2 SYSTEMPATH\Database\BaseBuilder.php(1649): CodeIgniter\Database\BaseConnection->query('SELECT *
FROM `tasks`', [], false)
 3 SYSTEMPATH\Model.php(254): CodeIgniter\Database\BaseBuilder->get()
 4 SYSTEMPATH\BaseModel.php(675): CodeIgniter\Model->doFindAll(0, 0)
 5 APPPATH\Controllers\TaskController.php(11): CodeIgniter\BaseModel->findAll()
 6 SYSTEMPATH\CodeIgniter.php(951): App\Controllers\TaskController->index()
 7 SYSTEMPATH\CodeIgniter.php(497): CodeIgniter\CodeIgniter->runController(Object(App\Controllers\TaskController))
 8 SYSTEMPATH\CodeIgniter.php(340): CodeIgniter\CodeIgniter->handleRequest(null, Object(Config\Cache), false)
 9 SYSTEMPATH\Boot.php(417): CodeIgniter\CodeIgniter->run()
10 SYSTEMPATH\Boot.php(68): CodeIgniter\Boot::runCodeIgniter(Object(CodeIgniter\CodeIgniter))
11 FCPATH\index.php(59): CodeIgniter\Boot::bootWeb(Object(Config\Paths))
12 SYSTEMPATH\rewrite.php(44): require_once('C:\\xampp\\htdocs\\codeigniter4-framework-v4.7.0-0-ge7753bc\\codeigniter4-framework-e7753bc\\public\\index.php')
ERROR - 2026-04-14 16:31:38 --> Error connecting to the database: mysqli_sql_exception: Access denied for user ''@'localhost' (using password: NO) in C:\xampp\htdocs\codeigniter4-framework-v4.7.0-0-ge7753bc\codeigniter4-framework-e7753bc\system\Database\MySQLi\Connection.php:201
Stack trace:
#0 C:\xampp\htdocs\codeigniter4-framework-v4.7.0-0-ge7753bc\codeigniter4-framework-e7753bc\system\Database\MySQLi\Connection.php(201): mysqli->real_connect('localhost', '', Object(SensitiveParameterValue), '', 3306, '', 0)
#1 C:\xampp\htdocs\codeigniter4-framework-v4.7.0-0-ge7753bc\codeigniter4-framework-e7753bc\system\Database\BaseConnection.php(419): CodeIgniter\Database\MySQLi\Connection->connect(false)
#2 C:\xampp\htdocs\codeigniter4-framework-v4.7.0-0-ge7753bc\codeigniter4-framework-e7753bc\system\Database\BaseConnection.php(654): CodeIgniter\Database\BaseConnection->initialize()
#3 C:\xampp\htdocs\codeigniter4-framework-v4.7.0-0-ge7753bc\codeigniter4-framework-e7753bc\system\Database\BaseBuilder.php(1649): CodeIgniter\Database\BaseConnection->query('SELECT *\nFROM `...', Array, false)
#4 C:\xampp\htdocs\codeigniter4-framework-v4.7.0-0-ge7753bc\codeigniter4-framework-e7753bc\system\Model.php(254): CodeIgniter\Database\BaseBuilder->get()
#5 C:\xampp\htdocs\codeigniter4-framework-v4.7.0-0-ge7753bc\codeigniter4-framework-e7753bc\system\BaseModel.php(675): CodeIgniter\Model->doFindAll(0, 0)
#6 C:\xampp\htdocs\codeigniter4-framework-v4.7.0-0-ge7753bc\codeigniter4-framework-e7753bc\app\Controllers\TaskController.php(14): CodeIgniter\BaseModel->findAll()
#7 C:\xampp\htdocs\codeigniter4-framework-v4.7.0-0-ge7753bc\codeigniter4-framework-e7753bc\system\CodeIgniter.php(951): App\Controllers\TaskController->index()
#8 C:\xampp\htdocs\codeigniter4-framework-v4.7.0-0-ge7753bc\codeigniter4-framework-e7753bc\system\CodeIgniter.php(497): CodeIgniter\CodeIgniter->runController(Object(App\Controllers\TaskController))
#9 C:\xampp\htdocs\codeigniter4-framework-v4.7.0-0-ge7753bc\codeigniter4-framework-e7753bc\system\CodeIgniter.php(340): CodeIgniter\CodeIgniter->handleRequest(NULL, Object(Config\Cache), false)
#10 C:\xampp\htdocs\codeigniter4-framework-v4.7.0-0-ge7753bc\codeigniter4-framework-e7753bc\system\Boot.php(417): CodeIgniter\CodeIgniter->run()
#11 C:\xampp\htdocs\codeigniter4-framework-v4.7.0-0-ge7753bc\codeigniter4-framework-e7753bc\system\Boot.php(68): CodeIgniter\Boot::runCodeIgniter(Object(CodeIgniter\CodeIgniter))
#12 C:\xampp\htdocs\codeigniter4-framework-v4.7.0-0-ge7753bc\codeigniter4-framework-e7753bc\public\index.php(59): CodeIgniter\Boot::bootWeb(Object(Config\Paths))
#13 C:\xampp\htdocs\codeigniter4-framework-v4.7.0-0-ge7753bc\codeigniter4-framework-e7753bc\system\rewrite.php(44): require_once('C:\\xampp\\htdocs...')
#14 {main}

Next CodeIgniter\Database\Exceptions\DatabaseException: Access denied for user ''@'localhost' (using password: NO) in C:\xampp\htdocs\codeigniter4-framework-v4.7.0-0-ge7753bc\codeigniter4-framework-e7753bc\system\Database\MySQLi\Connection.php:231
Stack trace:
#0 C:\xampp\htdocs\codeigniter4-framework-v4.7.0-0-ge7753bc\codeigniter4-framework-e7753bc\system\Database\BaseConnection.php(419): CodeIgniter\Database\MySQLi\Connection->connect(false)
#1 C:\xampp\htdocs\codeigniter4-framework-v4.7.0-0-ge7753bc\codeigniter4-framework-e7753bc\system\Database\BaseConnection.php(654): CodeIgniter\Database\BaseConnection->initialize()
#2 C:\xampp\htdocs\codeigniter4-framework-v4.7.0-0-ge7753bc\codeigniter4-framework-e7753bc\system\Database\BaseBuilder.php(1649): CodeIgniter\Database\BaseConnection->query('SELECT *\nFROM `...', Array, false)
#3 C:\xampp\htdocs\codeigniter4-framework-v4.7.0-0-ge7753bc\codeigniter4-framework-e7753bc\system\Model.php(254): CodeIgniter\Database\BaseBuilder->get()
#4 C:\xampp\htdocs\codeigniter4-framework-v4.7.0-0-ge7753bc\codeigniter4-framework-e7753bc\system\BaseModel.php(675): CodeIgniter\Model->doFindAll(0, 0)
#5 C:\xampp\htdocs\codeigniter4-framework-v4.7.0-0-ge7753bc\codeigniter4-framework-e7753bc\app\Controllers\TaskController.php(14): CodeIgniter\BaseModel->findAll()
#6 C:\xampp\htdocs\codeigniter4-framework-v4.7.0-0-ge7753bc\codeigniter4-framework-e7753bc\system\CodeIgniter.php(951): App\Controllers\TaskController->index()
#7 C:\xampp\htdocs\codeigniter4-framework-v4.7.0-0-ge7753bc\codeigniter4-framework-e7753bc\system\CodeIgniter.php(497): CodeIgniter\CodeIgniter->runController(Object(App\Controllers\TaskController))
#8 C:\xampp\htdocs\codeigniter4-framework-v4.7.0-0-ge7753bc\codeigniter4-framework-e7753bc\system\CodeIgniter.php(340): CodeIgniter\CodeIgniter->handleRequest(NULL, Object(Config\Cache), false)
#9 C:\xampp\htdocs\codeigniter4-framework-v4.7.0-0-ge7753bc\codeigniter4-framework-e7753bc\system\Boot.php(417): CodeIgniter\CodeIgniter->run()
#10 C:\xampp\htdocs\codeigniter4-framework-v4.7.0-0-ge7753bc\codeigniter4-framework-e7753bc\system\Boot.php(68): CodeIgniter\Boot::runCodeIgniter(Object(CodeIgniter\CodeIgniter))
#11 C:\xampp\htdocs\codeigniter4-framework-v4.7.0-0-ge7753bc\codeigniter4-framework-e7753bc\public\index.php(59): CodeIgniter\Boot::bootWeb(Object(Config\Paths))
#12 C:\xampp\htdocs\codeigniter4-framework-v4.7.0-0-ge7753bc\codeigniter4-framework-e7753bc\system\rewrite.php(44): require_once('C:\\xampp\\htdocs...')
#13 {main}
CRITICAL - 2026-04-14 16:31:38 --> CodeIgniter\Database\Exceptions\DatabaseException: Unable to connect to the database.
Main connection [MySQLi]: Access denied for user ''@'localhost' (using password: NO)
[Method: GET, Route: /]
in SYSTEMPATH\Database\BaseConnection.php on line 465.
 1 SYSTEMPATH\Database\BaseConnection.php(654): CodeIgniter\Database\BaseConnection->initialize()
 2 SYSTEMPATH\Database\BaseBuilder.php(1649): CodeIgniter\Database\BaseConnection->query('SELECT *
FROM `tasks`', [], false)
 3 SYSTEMPATH\Model.php(254): CodeIgniter\Database\BaseBuilder->get()
 4 SYSTEMPATH\BaseModel.php(675): CodeIgniter\Model->doFindAll(0, 0)
 5 APPPATH\Controllers\TaskController.php(14): CodeIgniter\BaseModel->findAll()
 6 SYSTEMPATH\CodeIgniter.php(951): App\Controllers\TaskController->index()
 7 SYSTEMPATH\CodeIgniter.php(497): CodeIgniter\CodeIgniter->runController(Object(App\Controllers\TaskController))
 8 SYSTEMPATH\CodeIgniter.php(340): CodeIgniter\CodeIgniter->handleRequest(null, Object(Config\Cache), false)
 9 SYSTEMPATH\Boot.php(417): CodeIgniter\CodeIgniter->run()
10 SYSTEMPATH\Boot.php(68): CodeIgniter\Boot::runCodeIgniter(Object(CodeIgniter\CodeIgniter))
11 FCPATH\index.php(59): CodeIgniter\Boot::bootWeb(Object(Config\Paths))
12 SYSTEMPATH\rewrite.php(44): require_once('C:\\xampp\\htdocs\\codeigniter4-framework-v4.7.0-0-ge7753bc\\codeigniter4-framework-e7753bc\\public\\index.php')
ERROR - 2026-04-14 16:32:01 --> Error connecting to the database: mysqli_sql_exception: Access denied for user ''@'localhost' (using password: NO) in C:\xampp\htdocs\codeigniter4-framework-v4.7.0-0-ge7753bc\codeigniter4-framework-e7753bc\system\Database\MySQLi\Connection.php:201
Stack trace:
#0 C:\xampp\htdocs\codeigniter4-framework-v4.7.0-0-ge7753bc\codeigniter4-framework-e7753bc\system\Database\MySQLi\Connection.php(201): mysqli->real_connect('localhost', '', Object(SensitiveParameterValue), '', 3306, '', 0)
#1 C:\xampp\htdocs\codeigniter4-framework-v4.7.0-0-ge7753bc\codeigniter4-framework-e7753bc\system\Database\BaseConnection.php(419): CodeIgniter\Database\MySQLi\Connection->connect(false)
#2 C:\xampp\htdocs\codeigniter4-framework-v4.7.0-0-ge7753bc\codeigniter4-framework-e7753bc\system\Database\BaseConnection.php(654): CodeIgniter\Database\BaseConnection->initialize()
#3 C:\xampp\htdocs\codeigniter4-framework-v4.7.0-0-ge7753bc\codeigniter4-framework-e7753bc\system\Database\BaseBuilder.php(1649): CodeIgniter\Database\BaseConnection->query('SELECT *\nFROM `...', Array, false)
#4 C:\xampp\htdocs\codeigniter4-framework-v4.7.0-0-ge7753bc\codeigniter4-framework-e7753bc\system\Model.php(254): CodeIgniter\Database\BaseBuilder->get()
#5 C:\xampp\htdocs\codeigniter4-framework-v4.7.0-0-ge7753bc\codeigniter4-framework-e7753bc\system\BaseModel.php(675): CodeIgniter\Model->doFindAll(0, 0)
#6 C:\xampp\htdocs\codeigniter4-framework-v4.7.0-0-ge7753bc\codeigniter4-framework-e7753bc\app\Controllers\TaskController.php(14): CodeIgniter\BaseModel->findAll()
#7 C:\xampp\htdocs\codeigniter4-framework-v4.7.0-0-ge7753bc\codeigniter4-framework-e7753bc\system\CodeIgniter.php(951): App\Controllers\TaskController->index()
#8 C:\xampp\htdocs\codeigniter4-framework-v4.7.0-0-ge7753bc\codeigniter4-framework-e7753bc\system\CodeIgniter.php(497): CodeIgniter\CodeIgniter->runController(Object(App\Controllers\TaskController))
#9 C:\xampp\htdocs\codeigniter4-framework-v4.7.0-0-ge7753bc\codeigniter4-framework-e7753bc\system\CodeIgniter.php(340): CodeIgniter\CodeIgniter->handleRequest(NULL, Object(Config\Cache), false)
#10 C:\xampp\htdocs\codeigniter4-framework-v4.7.0-0-ge7753bc\codeigniter4-framework-e7753bc\system\Boot.php(417): CodeIgniter\CodeIgniter->run()
#11 C:\xampp\htdocs\codeigniter4-framework-v4.7.0-0-ge7753bc\codeigniter4-framework-e7753bc\system\Boot.php(68): CodeIgniter\Boot::runCodeIgniter(Object(CodeIgniter\CodeIgniter))
#12 C:\xampp\htdocs\codeigniter4-framework-v4.7.0-0-ge7753bc\codeigniter4-framework-e7753bc\public\index.php(59): CodeIgniter\Boot::bootWeb(Object(Config\Paths))
#13 C:\xampp\htdocs\codeigniter4-framework-v4.7.0-0-ge7753bc\codeigniter4-framework-e7753bc\system\rewrite.php(44): require_once('C:\\xampp\\htdocs...')
#14 {main}

Next CodeIgniter\Database\Exceptions\DatabaseException: Access denied for user ''@'localhost' (using password: NO) in C:\xampp\htdocs\codeigniter4-framework-v4.7.0-0-ge7753bc\codeigniter4-framework-e7753bc\system\Database\MySQLi\Connection.php:231
Stack trace:
#0 C:\xampp\htdocs\codeigniter4-framework-v4.7.0-0-ge7753bc\codeigniter4-framework-e7753bc\system\Database\BaseConnection.php(419): CodeIgniter\Database\MySQLi\Connection->connect(false)
#1 C:\xampp\htdocs\codeigniter4-framework-v4.7.0-0-ge7753bc\codeigniter4-framework-e7753bc\system\Database\BaseConnection.php(654): CodeIgniter\Database\BaseConnection->initialize()
#2 C:\xampp\htdocs\codeigniter4-framework-v4.7.0-0-ge7753bc\codeigniter4-framework-e7753bc\system\Database\BaseBuilder.php(1649): CodeIgniter\Database\BaseConnection->query('SELECT *\nFROM `...', Array, false)
#3 C:\xampp\htdocs\codeigniter4-framework-v4.7.0-0-ge7753bc\codeigniter4-framework-e7753bc\system\Model.php(254): CodeIgniter\Database\BaseBuilder->get()
#4 C:\xampp\htdocs\codeigniter4-framework-v4.7.0-0-ge7753bc\codeigniter4-framework-e7753bc\system\BaseModel.php(675): CodeIgniter\Model->doFindAll(0, 0)
#5 C:\xampp\htdocs\codeigniter4-framework-v4.7.0-0-ge7753bc\codeigniter4-framework-e7753bc\app\Controllers\TaskController.php(14): CodeIgniter\BaseModel->findAll()
#6 C:\xampp\htdocs\codeigniter4-framework-v4.7.0-0-ge7753bc\codeigniter4-framework-e7753bc\system\CodeIgniter.php(951): App\Controllers\TaskController->index()
#7 C:\xampp\htdocs\codeigniter4-framework-v4.7.0-0-ge7753bc\codeigniter4-framework-e7753bc\system\CodeIgniter.php(497): CodeIgniter\CodeIgniter->runController(Object(App\Controllers\TaskController))
#8 C:\xampp\htdocs\codeigniter4-framework-v4.7.0-0-ge7753bc\codeigniter4-framework-e7753bc\system\CodeIgniter.php(340): CodeIgniter\CodeIgniter->handleRequest(NULL, Object(Config\Cache), false)
#9 C:\xampp\htdocs\codeigniter4-framework-v4.7.0-0-ge7753bc\codeigniter4-framework-e7753bc\system\Boot.php(417): CodeIgniter\CodeIgniter->run()
#10 C:\xampp\htdocs\codeigniter4-framework-v4.7.0-0-ge7753bc\codeigniter4-framework-e7753bc\system\Boot.php(68): CodeIgniter\Boot::runCodeIgniter(Object(CodeIgniter\CodeIgniter))
#11 C:\xampp\htdocs\codeigniter4-framework-v4.7.0-0-ge7753bc\codeigniter4-framework-e7753bc\public\index.php(59): CodeIgniter\Boot::bootWeb(Object(Config\Paths))
#12 C:\xampp\htdocs\codeigniter4-framework-v4.7.0-0-ge7753bc\codeigniter4-framework-e7753bc\system\rewrite.php(44): require_once('C:\\xampp\\htdocs...')
#13 {main}
CRITICAL - 2026-04-14 16:32:01 --> CodeIgniter\Database\Exceptions\DatabaseException: Unable to connect to the database.
Main connection [MySQLi]: Access denied for user ''@'localhost' (using password: NO)
[Method: GET, Route: /]
in SYSTEMPATH\Database\BaseConnection.php on line 465.
 1 SYSTEMPATH\Database\BaseConnection.php(654): CodeIgniter\Database\BaseConnection->initialize()
 2 SYSTEMPATH\Database\BaseBuilder.php(1649): CodeIgniter\Database\BaseConnection->query('SELECT *
FROM `tasks`', [], false)
 3 SYSTEMPATH\Model.php(254): CodeIgniter\Database\BaseBuilder->get()
 4 SYSTEMPATH\BaseModel.php(675): CodeIgniter\Model->doFindAll(0, 0)
 5 APPPATH\Controllers\TaskController.php(14): CodeIgniter\BaseModel->findAll()
 6 SYSTEMPATH\CodeIgniter.php(951): App\Controllers\TaskController->index()
 7 SYSTEMPATH\CodeIgniter.php(497): CodeIgniter\CodeIgniter->runController(Object(App\Controllers\TaskController))
 8 SYSTEMPATH\CodeIgniter.php(340): CodeIgniter\CodeIgniter->handleRequest(null, Object(Config\Cache), false)
 9 SYSTEMPATH\Boot.php(417): CodeIgniter\CodeIgniter->run()
10 SYSTEMPATH\Boot.php(68): CodeIgniter\Boot::runCodeIgniter(Object(CodeIgniter\CodeIgniter))
11 FCPATH\index.php(59): CodeIgniter\Boot::bootWeb(Object(Config\Paths))
12 SYSTEMPATH\rewrite.php(44): require_once('C:\\xampp\\htdocs\\codeigniter4-framework-v4.7.0-0-ge7753bc\\codeigniter4-framework-e7753bc\\public\\index.php')
ERROR - 2026-04-14 16:36:31 --> Error connecting to the database: mysqli_sql_exception: Access denied for user ''@'localhost' (using password: NO) in C:\xampp\htdocs\codeigniter4-framework-v4.7.0-0-ge7753bc\codeigniter4-framework-e7753bc\system\Database\MySQLi\Connection.php:201
Stack trace:
#0 C:\xampp\htdocs\codeigniter4-framework-v4.7.0-0-ge7753bc\codeigniter4-framework-e7753bc\system\Database\MySQLi\Connection.php(201): mysqli->real_connect('localhost', '', Object(SensitiveParameterValue), '', 3306, '', 0)
#1 C:\xampp\htdocs\codeigniter4-framework-v4.7.0-0-ge7753bc\codeigniter4-framework-e7753bc\system\Database\BaseConnection.php(419): CodeIgniter\Database\MySQLi\Connection->connect(false)
#2 C:\xampp\htdocs\codeigniter4-framework-v4.7.0-0-ge7753bc\codeigniter4-framework-e7753bc\system\Database\BaseConnection.php(654): CodeIgniter\Database\BaseConnection->initialize()
#3 C:\xampp\htdocs\codeigniter4-framework-v4.7.0-0-ge7753bc\codeigniter4-framework-e7753bc\system\Database\BaseBuilder.php(1649): CodeIgniter\Database\BaseConnection->query('SELECT *\nFROM `...', Array, false)
#4 C:\xampp\htdocs\codeigniter4-framework-v4.7.0-0-ge7753bc\codeigniter4-framework-e7753bc\system\Model.php(254): CodeIgniter\Database\BaseBuilder->get()
#5 C:\xampp\htdocs\codeigniter4-framework-v4.7.0-0-ge7753bc\codeigniter4-framework-e7753bc\system\BaseModel.php(675): CodeIgniter\Model->doFindAll(0, 0)
#6 C:\xampp\htdocs\codeigniter4-framework-v4.7.0-0-ge7753bc\codeigniter4-framework-e7753bc\app\Controllers\TaskController.php(14): CodeIgniter\BaseModel->findAll()
#7 C:\xampp\htdocs\codeigniter4-framework-v4.7.0-0-ge7753bc\codeigniter4-framework-e7753bc\system\CodeIgniter.php(951): App\Controllers\TaskController->index()
#8 C:\xampp\htdocs\codeigniter4-framework-v4.7.0-0-ge7753bc\codeigniter4-framework-e7753bc\system\CodeIgniter.php(497): CodeIgniter\CodeIgniter->runController(Object(App\Controllers\TaskController))
#9 C:\xampp\htdocs\codeigniter4-framework-v4.7.0-0-ge7753bc\codeigniter4-framework-e7753bc\system\CodeIgniter.php(340): CodeIgniter\CodeIgniter->handleRequest(NULL, Object(Config\Cache), false)
#10 C:\xampp\htdocs\codeigniter4-framework-v4.7.0-0-ge7753bc\codeigniter4-framework-e7753bc\system\Boot.php(417): CodeIgniter\CodeIgniter->run()
#11 C:\xampp\htdocs\codeigniter4-framework-v4.7.0-0-ge7753bc\codeigniter4-framework-e7753bc\system\Boot.php(68): CodeIgniter\Boot::runCodeIgniter(Object(CodeIgniter\CodeIgniter))
#12 C:\xampp\htdocs\codeigniter4-framework-v4.7.0-0-ge7753bc\codeigniter4-framework-e7753bc\public\index.php(60): CodeIgniter\Boot::bootWeb(Object(Config\Paths))
#13 C:\xampp\htdocs\codeigniter4-framework-v4.7.0-0-ge7753bc\codeigniter4-framework-e7753bc\system\rewrite.php(44): require_once('C:\\xampp\\htdocs...')
#14 {main}

Next CodeIgniter\Database\Exceptions\DatabaseException: Access denied for user ''@'localhost' (using password: NO) in C:\xampp\htdocs\codeigniter4-framework-v4.7.0-0-ge7753bc\codeigniter4-framework-e7753bc\system\Database\MySQLi\Connection.php:231
Stack trace:
#0 C:\xampp\htdocs\codeigniter4-framework-v4.7.0-0-ge7753bc\codeigniter4-framework-e7753bc\system\Database\BaseConnection.php(419): CodeIgniter\Database\MySQLi\Connection->connect(false)
#1 C:\xampp\htdocs\codeigniter4-framework-v4.7.0-0-ge7753bc\codeigniter4-framework-e7753bc\system\Database\BaseConnection.php(654): CodeIgniter\Database\BaseConnection->initialize()
#2 C:\xampp\htdocs\codeigniter4-framework-v4.7.0-0-ge7753bc\codeigniter4-framework-e7753bc\system\Database\BaseBuilder.php(1649): CodeIgniter\Database\BaseConnection->query('SELECT *\nFROM `...', Array, false)
#3 C:\xampp\htdocs\codeigniter4-framework-v4.7.0-0-ge7753bc\codeigniter4-framework-e7753bc\system\Model.php(254): CodeIgniter\Database\BaseBuilder->get()
#4 C:\xampp\htdocs\codeigniter4-framework-v4.7.0-0-ge7753bc\codeigniter4-framework-e7753bc\system\BaseModel.php(675): CodeIgniter\Model->doFindAll(0, 0)
#5 C:\xampp\htdocs\codeigniter4-framework-v4.7.0-0-ge7753bc\codeigniter4-framework-e7753bc\app\Controllers\TaskController.php(14): CodeIgniter\BaseModel->findAll()
#6 C:\xampp\htdocs\codeigniter4-framework-v4.7.0-0-ge7753bc\codeigniter4-framework-e7753bc\system\CodeIgniter.php(951): App\Controllers\TaskController->index()
#7 C:\xampp\htdocs\codeigniter4-framework-v4.7.0-0-ge7753bc\codeigniter4-framework-e7753bc\system\CodeIgniter.php(497): CodeIgniter\CodeIgniter->runController(Object(App\Controllers\TaskController))
#8 C:\xampp\htdocs\codeigniter4-framework-v4.7.0-0-ge7753bc\codeigniter4-framework-e7753bc\system\CodeIgniter.php(340): CodeIgniter\CodeIgniter->handleRequest(NULL, Object(Config\Cache), false)
#9 C:\xampp\htdocs\codeigniter4-framework-v4.7.0-0-ge7753bc\codeigniter4-framework-e7753bc\system\Boot.php(417): CodeIgniter\CodeIgniter->run()
#10 C:\xampp\htdocs\codeigniter4-framework-v4.7.0-0-ge7753bc\codeigniter4-framework-e7753bc\system\Boot.php(68): CodeIgniter\Boot::runCodeIgniter(Object(CodeIgniter\CodeIgniter))
#11 C:\xampp\htdocs\codeigniter4-framework-v4.7.0-0-ge7753bc\codeigniter4-framework-e7753bc\public\index.php(60): CodeIgniter\Boot::bootWeb(Object(Config\Paths))
#12 C:\xampp\htdocs\codeigniter4-framework-v4.7.0-0-ge7753bc\codeigniter4-framework-e7753bc\system\rewrite.php(44): require_once('C:\\xampp\\htdocs...')
#13 {main}
CRITICAL - 2026-04-14 16:36:31 --> CodeIgniter\Database\Exceptions\DatabaseException: Unable to connect to the database.
Main connection [MySQLi]: Access denied for user ''@'localhost' (using password: NO)
[Method: GET, Route: /]
in SYSTEMPATH\Database\BaseConnection.php on line 465.
 1 SYSTEMPATH\Database\BaseConnection.php(654): CodeIgniter\Database\BaseConnection->initialize()
 2 SYSTEMPATH\Database\BaseBuilder.php(1649): CodeIgniter\Database\BaseConnection->query('SELECT *
FROM `tasks`', [], false)
 3 SYSTEMPATH\Model.php(254): CodeIgniter\Database\BaseBuilder->get()
 4 SYSTEMPATH\BaseModel.php(675): CodeIgniter\Model->doFindAll(0, 0)
 5 APPPATH\Controllers\TaskController.php(14): CodeIgniter\BaseModel->findAll()
 6 SYSTEMPATH\CodeIgniter.php(951): App\Controllers\TaskController->index()
 7 SYSTEMPATH\CodeIgniter.php(497): CodeIgniter\CodeIgniter->runController(Object(App\Controllers\TaskController))
 8 SYSTEMPATH\CodeIgniter.php(340): CodeIgniter\CodeIgniter->handleRequest(null, Object(Config\Cache), false)
 9 SYSTEMPATH\Boot.php(417): CodeIgniter\CodeIgniter->run()
10 SYSTEMPATH\Boot.php(68): CodeIgniter\Boot::runCodeIgniter(Object(CodeIgniter\CodeIgniter))
11 FCPATH\index.php(60): CodeIgniter\Boot::bootWeb(Object(Config\Paths))
12 SYSTEMPATH\rewrite.php(44): require_once('C:\\xampp\\htdocs\\codeigniter4-framework-v4.7.0-0-ge7753bc\\codeigniter4-framework-e7753bc\\public\\index.php')
ERROR - 2026-04-14 16:36:44 --> Error connecting to the database: mysqli_sql_exception: Access denied for user ''@'localhost' (using password: NO) in C:\xampp\htdocs\codeigniter4-framework-v4.7.0-0-ge7753bc\codeigniter4-framework-e7753bc\system\Database\MySQLi\Connection.php:201
Stack trace:
#0 C:\xampp\htdocs\codeigniter4-framework-v4.7.0-0-ge7753bc\codeigniter4-framework-e7753bc\system\Database\MySQLi\Connection.php(201): mysqli->real_connect('localhost', '', Object(SensitiveParameterValue), '', 3306, '', 0)
#1 C:\xampp\htdocs\codeigniter4-framework-v4.7.0-0-ge7753bc\codeigniter4-framework-e7753bc\system\Database\BaseConnection.php(419): CodeIgniter\Database\MySQLi\Connection->connect(false)
#2 C:\xampp\htdocs\codeigniter4-framework-v4.7.0-0-ge7753bc\codeigniter4-framework-e7753bc\system\Database\BaseConnection.php(654): CodeIgniter\Database\BaseConnection->initialize()
#3 C:\xampp\htdocs\codeigniter4-framework-v4.7.0-0-ge7753bc\codeigniter4-framework-e7753bc\system\Database\BaseBuilder.php(1649): CodeIgniter\Database\BaseConnection->query('SELECT *\nFROM `...', Array, false)
#4 C:\xampp\htdocs\codeigniter4-framework-v4.7.0-0-ge7753bc\codeigniter4-framework-e7753bc\system\Model.php(254): CodeIgniter\Database\BaseBuilder->get()
#5 C:\xampp\htdocs\codeigniter4-framework-v4.7.0-0-ge7753bc\codeigniter4-framework-e7753bc\system\BaseModel.php(675): CodeIgniter\Model->doFindAll(0, 0)
#6 C:\xampp\htdocs\codeigniter4-framework-v4.7.0-0-ge7753bc\codeigniter4-framework-e7753bc\app\Controllers\TaskController.php(14): CodeIgniter\BaseModel->findAll()
#7 C:\xampp\htdocs\codeigniter4-framework-v4.7.0-0-ge7753bc\codeigniter4-framework-e7753bc\system\CodeIgniter.php(951): App\Controllers\TaskController->index()
#8 C:\xampp\htdocs\codeigniter4-framework-v4.7.0-0-ge7753bc\codeigniter4-framework-e7753bc\system\CodeIgniter.php(497): CodeIgniter\CodeIgniter->runController(Object(App\Controllers\TaskController))
#9 C:\xampp\htdocs\codeigniter4-framework-v4.7.0-0-ge7753bc\codeigniter4-framework-e7753bc\system\CodeIgniter.php(340): CodeIgniter\CodeIgniter->handleRequest(NULL, Object(Config\Cache), false)
#10 C:\xampp\htdocs\codeigniter4-framework-v4.7.0-0-ge7753bc\codeigniter4-framework-e7753bc\system\Boot.php(417): CodeIgniter\CodeIgniter->run()
#11 C:\xampp\htdocs\codeigniter4-framework-v4.7.0-0-ge7753bc\codeigniter4-framework-e7753bc\system\Boot.php(68): CodeIgniter\Boot::runCodeIgniter(Object(CodeIgniter\CodeIgniter))
#12 C:\xampp\htdocs\codeigniter4-framework-v4.7.0-0-ge7753bc\codeigniter4-framework-e7753bc\public\index.php(60): CodeIgniter\Boot::bootWeb(Object(Config\Paths))
#13 C:\xampp\htdocs\codeigniter4-framework-v4.7.0-0-ge7753bc\codeigniter4-framework-e7753bc\system\rewrite.php(44): require_once('C:\\xampp\\htdocs...')
#14 {main}

Next CodeIgniter\Database\Exceptions\DatabaseException: Access denied for user ''@'localhost' (using password: NO) in C:\xampp\htdocs\codeigniter4-framework-v4.7.0-0-ge7753bc\codeigniter4-framework-e7753bc\system\Database\MySQLi\Connection.php:231
Stack trace:
#0 C:\xampp\htdocs\codeigniter4-framework-v4.7.0-0-ge7753bc\codeigniter4-framework-e7753bc\system\Database\BaseConnection.php(419): CodeIgniter\Database\MySQLi\Connection->connect(false)
#1 C:\xampp\htdocs\codeigniter4-framework-v4.7.0-0-ge7753bc\codeigniter4-framework-e7753bc\system\Database\BaseConnection.php(654): CodeIgniter\Database\BaseConnection->initialize()
#2 C:\xampp\htdocs\codeigniter4-framework-v4.7.0-0-ge7753bc\codeigniter4-framework-e7753bc\system\Database\BaseBuilder.php(1649): CodeIgniter\Database\BaseConnection->query('SELECT *\nFROM `...', Array, false)
#3 C:\xampp\htdocs\codeigniter4-framework-v4.7.0-0-ge7753bc\codeigniter4-framework-e7753bc\system\Model.php(254): CodeIgniter\Database\BaseBuilder->get()
#4 C:\xampp\htdocs\codeigniter4-framework-v4.7.0-0-ge7753bc\codeigniter4-framework-e7753bc\system\BaseModel.php(675): CodeIgniter\Model->doFindAll(0, 0)
#5 C:\xampp\htdocs\codeigniter4-framework-v4.7.0-0-ge7753bc\codeigniter4-framework-e7753bc\app\Controllers\TaskController.php(14): CodeIgniter\BaseModel->findAll()
#6 C:\xampp\htdocs\codeigniter4-framework-v4.7.0-0-ge7753bc\codeigniter4-framework-e7753bc\system\CodeIgniter.php(951): App\Controllers\TaskController->index()
#7 C:\xampp\htdocs\codeigniter4-framework-v4.7.0-0-ge7753bc\codeigniter4-framework-e7753bc\system\CodeIgniter.php(497): CodeIgniter\CodeIgniter->runController(Object(App\Controllers\TaskController))
#8 C:\xampp\htdocs\codeigniter4-framework-v4.7.0-0-ge7753bc\codeigniter4-framework-e7753bc\system\CodeIgniter.php(340): CodeIgniter\CodeIgniter->handleRequest(NULL, Object(Config\Cache), false)
#9 C:\xampp\htdocs\codeigniter4-framework-v4.7.0-0-ge7753bc\codeigniter4-framework-e7753bc\system\Boot.php(417): CodeIgniter\CodeIgniter->run()
#10 C:\xampp\htdocs\codeigniter4-framework-v4.7.0-0-ge7753bc\codeigniter4-framework-e7753bc\system\Boot.php(68): CodeIgniter\Boot::runCodeIgniter(Object(CodeIgniter\CodeIgniter))
#11 C:\xampp\htdocs\codeigniter4-framework-v4.7.0-0-ge7753bc\codeigniter4-framework-e7753bc\public\index.php(60): CodeIgniter\Boot::bootWeb(Object(Config\Paths))
#12 C:\xampp\htdocs\codeigniter4-framework-v4.7.0-0-ge7753bc\codeigniter4-framework-e7753bc\system\rewrite.php(44): require_once('C:\\xampp\\htdocs...')
#13 {main}
CRITICAL - 2026-04-14 16:36:44 --> CodeIgniter\Database\Exceptions\DatabaseException: Unable to connect to the database.
Main connection [MySQLi]: Access denied for user ''@'localhost' (using password: NO)
[Method: GET, Route: /]
in SYSTEMPATH\Database\BaseConnection.php on line 465.
 1 SYSTEMPATH\Database\BaseConnection.php(654): CodeIgniter\Database\BaseConnection->initialize()
 2 SYSTEMPATH\Database\BaseBuilder.php(1649): CodeIgniter\Database\BaseConnection->query('SELECT *
FROM `tasks`', [], false)
 3 SYSTEMPATH\Model.php(254): CodeIgniter\Database\BaseBuilder->get()
 4 SYSTEMPATH\BaseModel.php(675): CodeIgniter\Model->doFindAll(0, 0)
 5 APPPATH\Controllers\TaskController.php(14): CodeIgniter\BaseModel->findAll()
 6 SYSTEMPATH\CodeIgniter.php(951): App\Controllers\TaskController->index()
 7 SYSTEMPATH\CodeIgniter.php(497): CodeIgniter\CodeIgniter->runController(Object(App\Controllers\TaskController))
 8 SYSTEMPATH\CodeIgniter.php(340): CodeIgniter\CodeIgniter->handleRequest(null, Object(Config\Cache), false)
 9 SYSTEMPATH\Boot.php(417): CodeIgniter\CodeIgniter->run()
10 SYSTEMPATH\Boot.php(68): CodeIgniter\Boot::runCodeIgniter(Object(CodeIgniter\CodeIgniter))
11 FCPATH\index.php(60): CodeIgniter\Boot::bootWeb(Object(Config\Paths))
12 SYSTEMPATH\rewrite.php(44): require_once('C:\\xampp\\htdocs\\codeigniter4-framework-v4.7.0-0-ge7753bc\\codeigniter4-framework-e7753bc\\public\\index.php')
ERROR - 2026-04-14 16:39:24 --> Error connecting to the database: mysqli_sql_exception: Access denied for user ''@'localhost' (using password: NO) in C:\xampp\htdocs\codeigniter4-framework-v4.7.0-0-ge7753bc\codeigniter4-framework-e7753bc\system\Database\MySQLi\Connection.php:201
Stack trace:
#0 C:\xampp\htdocs\codeigniter4-framework-v4.7.0-0-ge7753bc\codeigniter4-framework-e7753bc\system\Database\MySQLi\Connection.php(201): mysqli->real_connect('localhost', '', Object(SensitiveParameterValue), '', 3306, '', 0)
#1 C:\xampp\htdocs\codeigniter4-framework-v4.7.0-0-ge7753bc\codeigniter4-framework-e7753bc\system\Database\BaseConnection.php(419): CodeIgniter\Database\MySQLi\Connection->connect(false)
#2 C:\xampp\htdocs\codeigniter4-framework-v4.7.0-0-ge7753bc\codeigniter4-framework-e7753bc\system\Database\BaseConnection.php(654): CodeIgniter\Database\BaseConnection->initialize()
#3 C:\xampp\htdocs\codeigniter4-framework-v4.7.0-0-ge7753bc\codeigniter4-framework-e7753bc\system\Database\BaseBuilder.php(1649): CodeIgniter\Database\BaseConnection->query('SELECT *\nFROM `...', Array, false)
#4 C:\xampp\htdocs\codeigniter4-framework-v4.7.0-0-ge7753bc\codeigniter4-framework-e7753bc\system\Model.php(254): CodeIgniter\Database\BaseBuilder->get()
#5 C:\xampp\htdocs\codeigniter4-framework-v4.7.0-0-ge7753bc\codeigniter4-framework-e7753bc\system\BaseModel.php(675): CodeIgniter\Model->doFindAll(0, 0)
#6 C:\xampp\htdocs\codeigniter4-framework-v4.7.0-0-ge7753bc\codeigniter4-framework-e7753bc\app\Controllers\TaskController.php(14): CodeIgniter\BaseModel->findAll()
#7 C:\xampp\htdocs\codeigniter4-framework-v4.7.0-0-ge7753bc\codeigniter4-framework-e7753bc\system\CodeIgniter.php(951): App\Controllers\TaskController->index()
#8 C:\xampp\htdocs\codeigniter4-framework-v4.7.0-0-ge7753bc\codeigniter4-framework-e7753bc\system\CodeIgniter.php(497): CodeIgniter\CodeIgniter->runController(Object(App\Controllers\TaskController))
#9 C:\xampp\htdocs\codeigniter4-framework-v4.7.0-0-ge7753bc\codeigniter4-framework-e7753bc\system\CodeIgniter.php(340): CodeIgniter\CodeIgniter->handleRequest(NULL, Object(Config\Cache), false)
#10 C:\xampp\htdocs\codeigniter4-framework-v4.7.0-0-ge7753bc\codeigniter4-framework-e7753bc\system\Boot.php(417): CodeIgniter\CodeIgniter->run()
#11 C:\xampp\htdocs\codeigniter4-framework-v4.7.0-0-ge7753bc\codeigniter4-framework-e7753bc\system\Boot.php(68): CodeIgniter\Boot::runCodeIgniter(Object(CodeIgniter\CodeIgniter))
#12 C:\xampp\htdocs\codeigniter4-framework-v4.7.0-0-ge7753bc\codeigniter4-framework-e7753bc\public\index.php(60): CodeIgniter\Boot::bootWeb(Object(Config\Paths))
#13 C:\xampp\htdocs\codeigniter4-framework-v4.7.0-0-ge7753bc\codeigniter4-framework-e7753bc\system\rewrite.php(44): require_once('C:\\xampp\\htdocs...')
#14 {main}

Next CodeIgniter\Database\Exceptions\DatabaseException: Access denied for user ''@'localhost' (using password: NO) in C:\xampp\htdocs\codeigniter4-framework-v4.7.0-0-ge7753bc\codeigniter4-framework-e7753bc\system\Database\MySQLi\Connection.php:231
Stack trace:
#0 C:\xampp\htdocs\codeigniter4-framework-v4.7.0-0-ge7753bc\codeigniter4-framework-e7753bc\system\Database\BaseConnection.php(419): CodeIgniter\Database\MySQLi\Connection->connect(false)
#1 C:\xampp\htdocs\codeigniter4-framework-v4.7.0-0-ge7753bc\codeigniter4-framework-e7753bc\system\Database\BaseConnection.php(654): CodeIgniter\Database\BaseConnection->initialize()
#2 C:\xampp\htdocs\codeigniter4-framework-v4.7.0-0-ge7753bc\codeigniter4-framework-e7753bc\system\Database\BaseBuilder.php(1649): CodeIgniter\Database\BaseConnection->query('SELECT *\nFROM `...', Array, false)
#3 C:\xampp\htdocs\codeigniter4-framework-v4.7.0-0-ge7753bc\codeigniter4-framework-e7753bc\system\Model.php(254): CodeIgniter\Database\BaseBuilder->get()
#4 C:\xampp\htdocs\codeigniter4-framework-v4.7.0-0-ge7753bc\codeigniter4-framework-e7753bc\system\BaseModel.php(675): CodeIgniter\Model->doFindAll(0, 0)
#5 C:\xampp\htdocs\codeigniter4-framework-v4.7.0-0-ge7753bc\codeigniter4-framework-e7753bc\app\Controllers\TaskController.php(14): CodeIgniter\BaseModel->findAll()
#6 C:\xampp\htdocs\codeigniter4-framework-v4.7.0-0-ge7753bc\codeigniter4-framework-e7753bc\system\CodeIgniter.php(951): App\Controllers\TaskController->index()
#7 C:\xampp\htdocs\codeigniter4-framework-v4.7.0-0-ge7753bc\codeigniter4-framework-e7753bc\system\CodeIgniter.php(497): CodeIgniter\CodeIgniter->runController(Object(App\Controllers\TaskController))
#8 C:\xampp\htdocs\codeigniter4-framework-v4.7.0-0-ge7753bc\codeigniter4-framework-e7753bc\system\CodeIgniter.php(340): CodeIgniter\CodeIgniter->handleRequest(NULL, Object(Config\Cache), false)
#9 C:\xampp\htdocs\codeigniter4-framework-v4.7.0-0-ge7753bc\codeigniter4-framework-e7753bc\system\Boot.php(417): CodeIgniter\CodeIgniter->run()
#10 C:\xampp\htdocs\codeigniter4-framework-v4.7.0-0-ge7753bc\codeigniter4-framework-e7753bc\system\Boot.php(68): CodeIgniter\Boot::runCodeIgniter(Object(CodeIgniter\CodeIgniter))
#11 C:\xampp\htdocs\codeigniter4-framework-v4.7.0-0-ge7753bc\codeigniter4-framework-e7753bc\public\index.php(60): CodeIgniter\Boot::bootWeb(Object(Config\Paths))
#12 C:\xampp\htdocs\codeigniter4-framework-v4.7.0-0-ge7753bc\codeigniter4-framework-e7753bc\system\rewrite.php(44): require_once('C:\\xampp\\htdocs...')
#13 {main}
CRITICAL - 2026-04-14 16:39:24 --> CodeIgniter\Database\Exceptions\DatabaseException: Unable to connect to the database.
Main connection [MySQLi]: Access denied for user ''@'localhost' (using password: NO)
[Method: GET, Route: /]
in SYSTEMPATH\Database\BaseConnection.php on line 465.
 1 SYSTEMPATH\Database\BaseConnection.php(654): CodeIgniter\Database\BaseConnection->initialize()
 2 SYSTEMPATH\Database\BaseBuilder.php(1649): CodeIgniter\Database\BaseConnection->query('SELECT *
FROM `tasks`', [], false)
 3 SYSTEMPATH\Model.php(254): CodeIgniter\Database\BaseBuilder->get()
 4 SYSTEMPATH\BaseModel.php(675): CodeIgniter\Model->doFindAll(0, 0)
 5 APPPATH\Controllers\TaskController.php(14): CodeIgniter\BaseModel->findAll()
 6 SYSTEMPATH\CodeIgniter.php(951): App\Controllers\TaskController->index()
 7 SYSTEMPATH\CodeIgniter.php(497): CodeIgniter\CodeIgniter->runController(Object(App\Controllers\TaskController))
 8 SYSTEMPATH\CodeIgniter.php(340): CodeIgniter\CodeIgniter->handleRequest(null, Object(Config\Cache), false)
 9 SYSTEMPATH\Boot.php(417): CodeIgniter\CodeIgniter->run()
10 SYSTEMPATH\Boot.php(68): CodeIgniter\Boot::runCodeIgniter(Object(CodeIgniter\CodeIgniter))
11 FCPATH\index.php(60): CodeIgniter\Boot::bootWeb(Object(Config\Paths))
12 SYSTEMPATH\rewrite.php(44): require_once('C:\\xampp\\htdocs\\codeigniter4-framework-v4.7.0-0-ge7753bc\\codeigniter4-framework-e7753bc\\public\\index.php')
ERROR - 2026-04-14 16:39:26 --> Error connecting to the database: mysqli_sql_exception: Access denied for user ''@'localhost' (using password: NO) in C:\xampp\htdocs\codeigniter4-framework-v4.7.0-0-ge7753bc\codeigniter4-framework-e7753bc\system\Database\MySQLi\Connection.php:201
Stack trace:
#0 C:\xampp\htdocs\codeigniter4-framework-v4.7.0-0-ge7753bc\codeigniter4-framework-e7753bc\system\Database\MySQLi\Connection.php(201): mysqli->real_connect('localhost', '', Object(SensitiveParameterValue), '', 3306, '', 0)
#1 C:\xampp\htdocs\codeigniter4-framework-v4.7.0-0-ge7753bc\codeigniter4-framework-e7753bc\system\Database\BaseConnection.php(419): CodeIgniter\Database\MySQLi\Connection->connect(false)
#2 C:\xampp\htdocs\codeigniter4-framework-v4.7.0-0-ge7753bc\codeigniter4-framework-e7753bc\system\Database\BaseConnection.php(654): CodeIgniter\Database\BaseConnection->initialize()
#3 C:\xampp\htdocs\codeigniter4-framework-v4.7.0-0-ge7753bc\codeigniter4-framework-e7753bc\system\Database\BaseBuilder.php(1649): CodeIgniter\Database\BaseConnection->query('SELECT *\nFROM `...', Array, false)
#4 C:\xampp\htdocs\codeigniter4-framework-v4.7.0-0-ge7753bc\codeigniter4-framework-e7753bc\system\Model.php(254): CodeIgniter\Database\BaseBuilder->get()
#5 C:\xampp\htdocs\codeigniter4-framework-v4.7.0-0-ge7753bc\codeigniter4-framework-e7753bc\system\BaseModel.php(675): CodeIgniter\Model->doFindAll(0, 0)
#6 C:\xampp\htdocs\codeigniter4-framework-v4.7.0-0-ge7753bc\codeigniter4-framework-e7753bc\app\Controllers\TaskController.php(14): CodeIgniter\BaseModel->findAll()
#7 C:\xampp\htdocs\codeigniter4-framework-v4.7.0-0-ge7753bc\codeigniter4-framework-e7753bc\system\CodeIgniter.php(951): App\Controllers\TaskController->index()
#8 C:\xampp\htdocs\codeigniter4-framework-v4.7.0-0-ge7753bc\codeigniter4-framework-e7753bc\system\CodeIgniter.php(497): CodeIgniter\CodeIgniter->runController(Object(App\Controllers\TaskController))
#9 C:\xampp\htdocs\codeigniter4-framework-v4.7.0-0-ge7753bc\codeigniter4-framework-e7753bc\system\CodeIgniter.php(340): CodeIgniter\CodeIgniter->handleRequest(NULL, Object(Config\Cache), false)
#10 C:\xampp\htdocs\codeigniter4-framework-v4.7.0-0-ge7753bc\codeigniter4-framework-e7753bc\system\Boot.php(417): CodeIgniter\CodeIgniter->run()
#11 C:\xampp\htdocs\codeigniter4-framework-v4.7.0-0-ge7753bc\codeigniter4-framework-e7753bc\system\Boot.php(68): CodeIgniter\Boot::runCodeIgniter(Object(CodeIgniter\CodeIgniter))
#12 C:\xampp\htdocs\codeigniter4-framework-v4.7.0-0-ge7753bc\codeigniter4-framework-e7753bc\public\index.php(60): CodeIgniter\Boot::bootWeb(Object(Config\Paths))
#13 C:\xampp\htdocs\codeigniter4-framework-v4.7.0-0-ge7753bc\codeigniter4-framework-e7753bc\system\rewrite.php(44): require_once('C:\\xampp\\htdocs...')
#14 {main}

Next CodeIgniter\Database\Exceptions\DatabaseException: Access denied for user ''@'localhost' (using password: NO) in C:\xampp\htdocs\codeigniter4-framework-v4.7.0-0-ge7753bc\codeigniter4-framework-e7753bc\system\Database\MySQLi\Connection.php:231
Stack trace:
#0 C:\xampp\htdocs\codeigniter4-framework-v4.7.0-0-ge7753bc\codeigniter4-framework-e7753bc\system\Database\BaseConnection.php(419): CodeIgniter\Database\MySQLi\Connection->connect(false)
#1 C:\xampp\htdocs\codeigniter4-framework-v4.7.0-0-ge7753bc\codeigniter4-framework-e7753bc\system\Database\BaseConnection.php(654): CodeIgniter\Database\BaseConnection->initialize()
#2 C:\xampp\htdocs\codeigniter4-framework-v4.7.0-0-ge7753bc\codeigniter4-framework-e7753bc\system\Database\BaseBuilder.php(1649): CodeIgniter\Database\BaseConnection->query('SELECT *\nFROM `...', Array, false)
#3 C:\xampp\htdocs\codeigniter4-framework-v4.7.0-0-ge7753bc\codeigniter4-framework-e7753bc\system\Model.php(254): CodeIgniter\Database\BaseBuilder->get()
#4 C:\xampp\htdocs\codeigniter4-framework-v4.7.0-0-ge7753bc\codeigniter4-framework-e7753bc\system\BaseModel.php(675): CodeIgniter\Model->doFindAll(0, 0)
#5 C:\xampp\htdocs\codeigniter4-framework-v4.7.0-0-ge7753bc\codeigniter4-framework-e7753bc\app\Controllers\TaskController.php(14): CodeIgniter\BaseModel->findAll()
#6 C:\xampp\htdocs\codeigniter4-framework-v4.7.0-0-ge7753bc\codeigniter4-framework-e7753bc\system\CodeIgniter.php(951): App\Controllers\TaskController->index()
#7 C:\xampp\htdocs\codeigniter4-framework-v4.7.0-0-ge7753bc\codeigniter4-framework-e7753bc\system\CodeIgniter.php(497): CodeIgniter\CodeIgniter->runController(Object(App\Controllers\TaskController))
#8 C:\xampp\htdocs\codeigniter4-framework-v4.7.0-0-ge7753bc\codeigniter4-framework-e7753bc\system\CodeIgniter.php(340): CodeIgniter\CodeIgniter->handleRequest(NULL, Object(Config\Cache), false)
#9 C:\xampp\htdocs\codeigniter4-framework-v4.7.0-0-ge7753bc\codeigniter4-framework-e7753bc\system\Boot.php(417): CodeIgniter\CodeIgniter->run()
#10 C:\xampp\htdocs\codeigniter4-framework-v4.7.0-0-ge7753bc\codeigniter4-framework-e7753bc\system\Boot.php(68): CodeIgniter\Boot::runCodeIgniter(Object(CodeIgniter\CodeIgniter))
#11 C:\xampp\htdocs\codeigniter4-framework-v4.7.0-0-ge7753bc\codeigniter4-framework-e7753bc\public\index.php(60): CodeIgniter\Boot::bootWeb(Object(Config\Paths))
#12 C:\xampp\htdocs\codeigniter4-framework-v4.7.0-0-ge7753bc\codeigniter4-framework-e7753bc\system\rewrite.php(44): require_once('C:\\xampp\\htdocs...')
#13 {main}
CRITICAL - 2026-04-14 16:39:26 --> CodeIgniter\Database\Exceptions\DatabaseException: Unable to connect to the database.
Main connection [MySQLi]: Access denied for user ''@'localhost' (using password: NO)
[Method: GET, Route: /]
in SYSTEMPATH\Database\BaseConnection.php on line 465.
 1 SYSTEMPATH\Database\BaseConnection.php(654): CodeIgniter\Database\BaseConnection->initialize()
 2 SYSTEMPATH\Database\BaseBuilder.php(1649): CodeIgniter\Database\BaseConnection->query('SELECT *
FROM `tasks`', [], false)
 3 SYSTEMPATH\Model.php(254): CodeIgniter\Database\BaseBuilder->get()
 4 SYSTEMPATH\BaseModel.php(675): CodeIgniter\Model->doFindAll(0, 0)
 5 APPPATH\Controllers\TaskController.php(14): CodeIgniter\BaseModel->findAll()
 6 SYSTEMPATH\CodeIgniter.php(951): App\Controllers\TaskController->index()
 7 SYSTEMPATH\CodeIgniter.php(497): CodeIgniter\CodeIgniter->runController(Object(App\Controllers\TaskController))
 8 SYSTEMPATH\CodeIgniter.php(340): CodeIgniter\CodeIgniter->handleRequest(null, Object(Config\Cache), false)
 9 SYSTEMPATH\Boot.php(417): CodeIgniter\CodeIgniter->run()
10 SYSTEMPATH\Boot.php(68): CodeIgniter\Boot::runCodeIgniter(Object(CodeIgniter\CodeIgniter))
11 FCPATH\index.php(60): CodeIgniter\Boot::bootWeb(Object(Config\Paths))
12 SYSTEMPATH\rewrite.php(44): require_once('C:\\xampp\\htdocs\\codeigniter4-framework-v4.7.0-0-ge7753bc\\codeigniter4-framework-e7753bc\\public\\index.php')
ERROR - 2026-04-14 16:39:27 --> Error connecting to the database: mysqli_sql_exception: Access denied for user ''@'localhost' (using password: NO) in C:\xampp\htdocs\codeigniter4-framework-v4.7.0-0-ge7753bc\codeigniter4-framework-e7753bc\system\Database\MySQLi\Connection.php:201
Stack trace:
#0 C:\xampp\htdocs\codeigniter4-framework-v4.7.0-0-ge7753bc\codeigniter4-framework-e7753bc\system\Database\MySQLi\Connection.php(201): mysqli->real_connect('localhost', '', Object(SensitiveParameterValue), '', 3306, '', 0)
#1 C:\xampp\htdocs\codeigniter4-framework-v4.7.0-0-ge7753bc\codeigniter4-framework-e7753bc\system\Database\BaseConnection.php(419): CodeIgniter\Database\MySQLi\Connection->connect(false)
#2 C:\xampp\htdocs\codeigniter4-framework-v4.7.0-0-ge7753bc\codeigniter4-framework-e7753bc\system\Database\BaseConnection.php(654): CodeIgniter\Database\BaseConnection->initialize()
#3 C:\xampp\htdocs\codeigniter4-framework-v4.7.0-0-ge7753bc\codeigniter4-framework-e7753bc\system\Database\BaseBuilder.php(1649): CodeIgniter\Database\BaseConnection->query('SELECT *\nFROM `...', Array, false)
#4 C:\xampp\htdocs\codeigniter4-framework-v4.7.0-0-ge7753bc\codeigniter4-framework-e7753bc\system\Model.php(254): CodeIgniter\Database\BaseBuilder->get()
#5 C:\xampp\htdocs\codeigniter4-framework-v4.7.0-0-ge7753bc\codeigniter4-framework-e7753bc\system\BaseModel.php(675): CodeIgniter\Model->doFindAll(0, 0)
#6 C:\xampp\htdocs\codeigniter4-framework-v4.7.0-0-ge7753bc\codeigniter4-framework-e7753bc\app\Controllers\TaskController.php(14): CodeIgniter\BaseModel->findAll()
#7 C:\xampp\htdocs\codeigniter4-framework-v4.7.0-0-ge7753bc\codeigniter4-framework-e7753bc\system\CodeIgniter.php(951): App\Controllers\TaskController->index()
#8 C:\xampp\htdocs\codeigniter4-framework-v4.7.0-0-ge7753bc\codeigniter4-framework-e7753bc\system\CodeIgniter.php(497): CodeIgniter\CodeIgniter->runController(Object(App\Controllers\TaskController))
#9 C:\xampp\htdocs\codeigniter4-framework-v4.7.0-0-ge7753bc\codeigniter4-framework-e7753bc\system\CodeIgniter.php(340): CodeIgniter\CodeIgniter->handleRequest(NULL, Object(Config\Cache), false)
#10 C:\xampp\htdocs\codeigniter4-framework-v4.7.0-0-ge7753bc\codeigniter4-framework-e7753bc\system\Boot.php(417): CodeIgniter\CodeIgniter->run()
#11 C:\xampp\htdocs\codeigniter4-framework-v4.7.0-0-ge7753bc\codeigniter4-framework-e7753bc\system\Boot.php(68): CodeIgniter\Boot::runCodeIgniter(Object(CodeIgniter\CodeIgniter))
#12 C:\xampp\htdocs\codeigniter4-framework-v4.7.0-0-ge7753bc\codeigniter4-framework-e7753bc\public\index.php(60): CodeIgniter\Boot::bootWeb(Object(Config\Paths))
#13 C:\xampp\htdocs\codeigniter4-framework-v4.7.0-0-ge7753bc\codeigniter4-framework-e7753bc\system\rewrite.php(44): require_once('C:\\xampp\\htdocs...')
#14 {main}

Next CodeIgniter\Database\Exceptions\DatabaseException: Access denied for user ''@'localhost' (using password: NO) in C:\xampp\htdocs\codeigniter4-framework-v4.7.0-0-ge7753bc\codeigniter4-framework-e7753bc\system\Database\MySQLi\Connection.php:231
Stack trace:
#0 C:\xampp\htdocs\codeigniter4-framework-v4.7.0-0-ge7753bc\codeigniter4-framework-e7753bc\system\Database\BaseConnection.php(419): CodeIgniter\Database\MySQLi\Connection->connect(false)
#1 C:\xampp\htdocs\codeigniter4-framework-v4.7.0-0-ge7753bc\codeigniter4-framework-e7753bc\system\Database\BaseConnection.php(654): CodeIgniter\Database\BaseConnection->initialize()
#2 C:\xampp\htdocs\codeigniter4-framework-v4.7.0-0-ge7753bc\codeigniter4-framework-e7753bc\system\Database\BaseBuilder.php(1649): CodeIgniter\Database\BaseConnection->query('SELECT *\nFROM `...', Array, false)
#3 C:\xampp\htdocs\codeigniter4-framework-v4.7.0-0-ge7753bc\codeigniter4-framework-e7753bc\system\Model.php(254): CodeIgniter\Database\BaseBuilder->get()
#4 C:\xampp\htdocs\codeigniter4-framework-v4.7.0-0-ge7753bc\codeigniter4-framework-e7753bc\system\BaseModel.php(675): CodeIgniter\Model->doFindAll(0, 0)
#5 C:\xampp\htdocs\codeigniter4-framework-v4.7.0-0-ge7753bc\codeigniter4-framework-e7753bc\app\Controllers\TaskController.php(14): CodeIgniter\BaseModel->findAll()
#6 C:\xampp\htdocs\codeigniter4-framework-v4.7.0-0-ge7753bc\codeigniter4-framework-e7753bc\system\CodeIgniter.php(951): App\Controllers\TaskController->index()
#7 C:\xampp\htdocs\codeigniter4-framework-v4.7.0-0-ge7753bc\codeigniter4-framework-e7753bc\system\CodeIgniter.php(497): CodeIgniter\CodeIgniter->runController(Object(App\Controllers\TaskController))
#8 C:\xampp\htdocs\codeigniter4-framework-v4.7.0-0-ge7753bc\codeigniter4-framework-e7753bc\system\CodeIgniter.php(340): CodeIgniter\CodeIgniter->handleRequest(NULL, Object(Config\Cache), false)
#9 C:\xampp\htdocs\codeigniter4-framework-v4.7.0-0-ge7753bc\codeigniter4-framework-e7753bc\system\Boot.php(417): CodeIgniter\CodeIgniter->run()
#10 C:\xampp\htdocs\codeigniter4-framework-v4.7.0-0-ge7753bc\codeigniter4-framework-e7753bc\system\Boot.php(68): CodeIgniter\Boot::runCodeIgniter(Object(CodeIgniter\CodeIgniter))
#11 C:\xampp\htdocs\codeigniter4-framework-v4.7.0-0-ge7753bc\codeigniter4-framework-e7753bc\public\index.php(60): CodeIgniter\Boot::bootWeb(Object(Config\Paths))
#12 C:\xampp\htdocs\codeigniter4-framework-v4.7.0-0-ge7753bc\codeigniter4-framework-e7753bc\system\rewrite.php(44): require_once('C:\\xampp\\htdocs...')
#13 {main}
CRITICAL - 2026-04-14 16:39:27 --> CodeIgniter\Database\Exceptions\DatabaseException: Unable to connect to the database.
Main connection [MySQLi]: Access denied for user ''@'localhost' (using password: NO)
[Method: GET, Route: /]
in SYSTEMPATH\Database\BaseConnection.php on line 465.
 1 SYSTEMPATH\Database\BaseConnection.php(654): CodeIgniter\Database\BaseConnection->initialize()
 2 SYSTEMPATH\Database\BaseBuilder.php(1649): CodeIgniter\Database\BaseConnection->query('SELECT *
FROM `tasks`', [], false)
 3 SYSTEMPATH\Model.php(254): CodeIgniter\Database\BaseBuilder->get()
 4 SYSTEMPATH\BaseModel.php(675): CodeIgniter\Model->doFindAll(0, 0)
 5 APPPATH\Controllers\TaskController.php(14): CodeIgniter\BaseModel->findAll()
 6 SYSTEMPATH\CodeIgniter.php(951): App\Controllers\TaskController->index()
 7 SYSTEMPATH\CodeIgniter.php(497): CodeIgniter\CodeIgniter->runController(Object(App\Controllers\TaskController))
 8 SYSTEMPATH\CodeIgniter.php(340): CodeIgniter\CodeIgniter->handleRequest(null, Object(Config\Cache), false)
 9 SYSTEMPATH\Boot.php(417): CodeIgniter\CodeIgniter->run()
10 SYSTEMPATH\Boot.php(68): CodeIgniter\Boot::runCodeIgniter(Object(CodeIgniter\CodeIgniter))
11 FCPATH\index.php(60): CodeIgniter\Boot::bootWeb(Object(Config\Paths))
12 SYSTEMPATH\rewrite.php(44): require_once('C:\\xampp\\htdocs\\codeigniter4-framework-v4.7.0-0-ge7753bc\\codeigniter4-framework-e7753bc\\public\\index.php')
ERROR - 2026-04-14 16:42:46 --> Error connecting to the database: mysqli_sql_exception: Access denied for user ''@'localhost' (using password: NO) in C:\xampp\htdocs\codeigniter4-framework-v4.7.0-0-ge7753bc\codeigniter4-framework-e7753bc\system\Database\MySQLi\Connection.php:201
Stack trace:
#0 C:\xampp\htdocs\codeigniter4-framework-v4.7.0-0-ge7753bc\codeigniter4-framework-e7753bc\system\Database\MySQLi\Connection.php(201): mysqli->real_connect('localhost', '', Object(SensitiveParameterValue), '', 3306, '', 0)
#1 C:\xampp\htdocs\codeigniter4-framework-v4.7.0-0-ge7753bc\codeigniter4-framework-e7753bc\system\Database\BaseConnection.php(419): CodeIgniter\Database\MySQLi\Connection->connect(false)
#2 C:\xampp\htdocs\codeigniter4-framework-v4.7.0-0-ge7753bc\codeigniter4-framework-e7753bc\system\Database\BaseConnection.php(654): CodeIgniter\Database\BaseConnection->initialize()
#3 C:\xampp\htdocs\codeigniter4-framework-v4.7.0-0-ge7753bc\codeigniter4-framework-e7753bc\system\Database\BaseBuilder.php(1649): CodeIgniter\Database\BaseConnection->query('SELECT *\nFROM `...', Array, false)
#4 C:\xampp\htdocs\codeigniter4-framework-v4.7.0-0-ge7753bc\codeigniter4-framework-e7753bc\system\Model.php(254): CodeIgniter\Database\BaseBuilder->get()
#5 C:\xampp\htdocs\codeigniter4-framework-v4.7.0-0-ge7753bc\codeigniter4-framework-e7753bc\system\BaseModel.php(675): CodeIgniter\Model->doFindAll(0, 0)
#6 C:\xampp\htdocs\codeigniter4-framework-v4.7.0-0-ge7753bc\codeigniter4-framework-e7753bc\app\Controllers\TaskController.php(14): CodeIgniter\BaseModel->findAll()
#7 C:\xampp\htdocs\codeigniter4-framework-v4.7.0-0-ge7753bc\codeigniter4-framework-e7753bc\system\CodeIgniter.php(951): App\Controllers\TaskController->index()
#8 C:\xampp\htdocs\codeigniter4-framework-v4.7.0-0-ge7753bc\codeigniter4-framework-e7753bc\system\CodeIgniter.php(497): CodeIgniter\CodeIgniter->runController(Object(App\Controllers\TaskController))
#9 C:\xampp\htdocs\codeigniter4-framework-v4.7.0-0-ge7753bc\codeigniter4-framework-e7753bc\system\CodeIgniter.php(340): CodeIgniter\CodeIgniter->handleRequest(NULL, Object(Config\Cache), false)
#10 C:\xampp\htdocs\codeigniter4-framework-v4.7.0-0-ge7753bc\codeigniter4-framework-e7753bc\system\Boot.php(417): CodeIgniter\CodeIgniter->run()
#11 C:\xampp\htdocs\codeigniter4-framework-v4.7.0-0-ge7753bc\codeigniter4-framework-e7753bc\system\Boot.php(68): CodeIgniter\Boot::runCodeIgniter(Object(CodeIgniter\CodeIgniter))
#12 C:\xampp\htdocs\codeigniter4-framework-v4.7.0-0-ge7753bc\codeigniter4-framework-e7753bc\public\index.php(60): CodeIgniter\Boot::bootWeb(Object(Config\Paths))
#13 C:\xampp\htdocs\codeigniter4-framework-v4.7.0-0-ge7753bc\codeigniter4-framework-e7753bc\system\rewrite.php(44): require_once('C:\\xampp\\htdocs...')
#14 {main}

Next CodeIgniter\Database\Exceptions\DatabaseException: Access denied for user ''@'localhost' (using password: NO) in C:\xampp\htdocs\codeigniter4-framework-v4.7.0-0-ge7753bc\codeigniter4-framework-e7753bc\system\Database\MySQLi\Connection.php:231
Stack trace:
#0 C:\xampp\htdocs\codeigniter4-framework-v4.7.0-0-ge7753bc\codeigniter4-framework-e7753bc\system\Database\BaseConnection.php(419): CodeIgniter\Database\MySQLi\Connection->connect(false)
#1 C:\xampp\htdocs\codeigniter4-framework-v4.7.0-0-ge7753bc\codeigniter4-framework-e7753bc\system\Database\BaseConnection.php(654): CodeIgniter\Database\BaseConnection->initialize()
#2 C:\xampp\htdocs\codeigniter4-framework-v4.7.0-0-ge7753bc\codeigniter4-framework-e7753bc\system\Database\BaseBuilder.php(1649): CodeIgniter\Database\BaseConnection->query('SELECT *\nFROM `...', Array, false)
#3 C:\xampp\htdocs\codeigniter4-framework-v4.7.0-0-ge7753bc\codeigniter4-framework-e7753bc\system\Model.php(254): CodeIgniter\Database\BaseBuilder->get()
#4 C:\xampp\htdocs\codeigniter4-framework-v4.7.0-0-ge7753bc\codeigniter4-framework-e7753bc\system\BaseModel.php(675): CodeIgniter\Model->doFindAll(0, 0)
#5 C:\xampp\htdocs\codeigniter4-framework-v4.7.0-0-ge7753bc\codeigniter4-framework-e7753bc\app\Controllers\TaskController.php(14): CodeIgniter\BaseModel->findAll()
#6 C:\xampp\htdocs\codeigniter4-framework-v4.7.0-0-ge7753bc\codeigniter4-framework-e7753bc\system\CodeIgniter.php(951): App\Controllers\TaskController->index()
#7 C:\xampp\htdocs\codeigniter4-framework-v4.7.0-0-ge7753bc\codeigniter4-framework-e7753bc\system\CodeIgniter.php(497): CodeIgniter\CodeIgniter->runController(Object(App\Controllers\TaskController))
#8 C:\xampp\htdocs\codeigniter4-framework-v4.7.0-0-ge7753bc\codeigniter4-framework-e7753bc\system\CodeIgniter.php(340): CodeIgniter\CodeIgniter->handleRequest(NULL, Object(Config\Cache), false)
#9 C:\xampp\htdocs\codeigniter4-framework-v4.7.0-0-ge7753bc\codeigniter4-framework-e7753bc\system\Boot.php(417): CodeIgniter\CodeIgniter->run()
#10 C:\xampp\htdocs\codeigniter4-framework-v4.7.0-0-ge7753bc\codeigniter4-framework-e7753bc\system\Boot.php(68): CodeIgniter\Boot::runCodeIgniter(Object(CodeIgniter\CodeIgniter))
#11 C:\xampp\htdocs\codeigniter4-framework-v4.7.0-0-ge7753bc\codeigniter4-framework-e7753bc\public\index.php(60): CodeIgniter\Boot::bootWeb(Object(Config\Paths))
#12 C:\xampp\htdocs\codeigniter4-framework-v4.7.0-0-ge7753bc\codeigniter4-framework-e7753bc\system\rewrite.php(44): require_once('C:\\xampp\\htdocs...')
#13 {main}
CRITICAL - 2026-04-14 16:42:46 --> CodeIgniter\Database\Exceptions\DatabaseException: Unable to connect to the database.
Main connection [MySQLi]: Access denied for user ''@'localhost' (using password: NO)
[Method: GET, Route: /]
in SYSTEMPATH\Database\BaseConnection.php on line 465.
 1 SYSTEMPATH\Database\BaseConnection.php(654): CodeIgniter\Database\BaseConnection->initialize()
 2 SYSTEMPATH\Database\BaseBuilder.php(1649): CodeIgniter\Database\BaseConnection->query('SELECT *
FROM `tasks`', [], false)
 3 SYSTEMPATH\Model.php(254): CodeIgniter\Database\BaseBuilder->get()
 4 SYSTEMPATH\BaseModel.php(675): CodeIgniter\Model->doFindAll(0, 0)
 5 APPPATH\Controllers\TaskController.php(14): CodeIgniter\BaseModel->findAll()
 6 SYSTEMPATH\CodeIgniter.php(951): App\Controllers\TaskController->index()
 7 SYSTEMPATH\CodeIgniter.php(497): CodeIgniter\CodeIgniter->runController(Object(App\Controllers\TaskController))
 8 SYSTEMPATH\CodeIgniter.php(340): CodeIgniter\CodeIgniter->handleRequest(null, Object(Config\Cache), false)
 9 SYSTEMPATH\Boot.php(417): CodeIgniter\CodeIgniter->run()
10 SYSTEMPATH\Boot.php(68): CodeIgniter\Boot::runCodeIgniter(Object(CodeIgniter\CodeIgniter))
11 FCPATH\index.php(60): CodeIgniter\Boot::bootWeb(Object(Config\Paths))
12 SYSTEMPATH\rewrite.php(44): require_once('C:\\xampp\\htdocs\\codeigniter4-framework-v4.7.0-0-ge7753bc\\codeigniter4-framework-e7753bc\\public\\index.php')
ERROR - 2026-04-14 16:42:50 --> Error connecting to the database: mysqli_sql_exception: Access denied for user ''@'localhost' (using password: NO) in C:\xampp\htdocs\codeigniter4-framework-v4.7.0-0-ge7753bc\codeigniter4-framework-e7753bc\system\Database\MySQLi\Connection.php:201
Stack trace:
#0 C:\xampp\htdocs\codeigniter4-framework-v4.7.0-0-ge7753bc\codeigniter4-framework-e7753bc\system\Database\MySQLi\Connection.php(201): mysqli->real_connect('localhost', '', Object(SensitiveParameterValue), '', 3306, '', 0)
#1 C:\xampp\htdocs\codeigniter4-framework-v4.7.0-0-ge7753bc\codeigniter4-framework-e7753bc\system\Database\BaseConnection.php(419): CodeIgniter\Database\MySQLi\Connection->connect(false)
#2 C:\xampp\htdocs\codeigniter4-framework-v4.7.0-0-ge7753bc\codeigniter4-framework-e7753bc\system\Database\BaseConnection.php(654): CodeIgniter\Database\BaseConnection->initialize()
#3 C:\xampp\htdocs\codeigniter4-framework-v4.7.0-0-ge7753bc\codeigniter4-framework-e7753bc\system\Database\BaseBuilder.php(1649): CodeIgniter\Database\BaseConnection->query('SELECT *\nFROM `...', Array, false)
#4 C:\xampp\htdocs\codeigniter4-framework-v4.7.0-0-ge7753bc\codeigniter4-framework-e7753bc\system\Model.php(254): CodeIgniter\Database\BaseBuilder->get()
#5 C:\xampp\htdocs\codeigniter4-framework-v4.7.0-0-ge7753bc\codeigniter4-framework-e7753bc\system\BaseModel.php(675): CodeIgniter\Model->doFindAll(0, 0)
#6 C:\xampp\htdocs\codeigniter4-framework-v4.7.0-0-ge7753bc\codeigniter4-framework-e7753bc\app\Controllers\TaskController.php(14): CodeIgniter\BaseModel->findAll()
#7 C:\xampp\htdocs\codeigniter4-framework-v4.7.0-0-ge7753bc\codeigniter4-framework-e7753bc\system\CodeIgniter.php(951): App\Controllers\TaskController->index()
#8 C:\xampp\htdocs\codeigniter4-framework-v4.7.0-0-ge7753bc\codeigniter4-framework-e7753bc\system\CodeIgniter.php(497): CodeIgniter\CodeIgniter->runController(Object(App\Controllers\TaskController))
#9 C:\xampp\htdocs\codeigniter4-framework-v4.7.0-0-ge7753bc\codeigniter4-framework-e7753bc\system\CodeIgniter.php(340): CodeIgniter\CodeIgniter->handleRequest(NULL, Object(Config\Cache), false)
#10 C:\xampp\htdocs\codeigniter4-framework-v4.7.0-0-ge7753bc\codeigniter4-framework-e7753bc\system\Boot.php(417): CodeIgniter\CodeIgniter->run()
#11 C:\xampp\htdocs\codeigniter4-framework-v4.7.0-0-ge7753bc\codeigniter4-framework-e7753bc\system\Boot.php(68): CodeIgniter\Boot::runCodeIgniter(Object(CodeIgniter\CodeIgniter))
#12 C:\xampp\htdocs\codeigniter4-framework-v4.7.0-0-ge7753bc\codeigniter4-framework-e7753bc\public\index.php(60): CodeIgniter\Boot::bootWeb(Object(Config\Paths))
#13 C:\xampp\htdocs\codeigniter4-framework-v4.7.0-0-ge7753bc\codeigniter4-framework-e7753bc\system\rewrite.php(44): require_once('C:\\xampp\\htdocs...')
#14 {main}

Next CodeIgniter\Database\Exceptions\DatabaseException: Access denied for user ''@'localhost' (using password: NO) in C:\xampp\htdocs\codeigniter4-framework-v4.7.0-0-ge7753bc\codeigniter4-framework-e7753bc\system\Database\MySQLi\Connection.php:231
Stack trace:
#0 C:\xampp\htdocs\codeigniter4-framework-v4.7.0-0-ge7753bc\codeigniter4-framework-e7753bc\system\Database\BaseConnection.php(419): CodeIgniter\Database\MySQLi\Connection->connect(false)
#1 C:\xampp\htdocs\codeigniter4-framework-v4.7.0-0-ge7753bc\codeigniter4-framework-e7753bc\system\Database\BaseConnection.php(654): CodeIgniter\Database\BaseConnection->initialize()
#2 C:\xampp\htdocs\codeigniter4-framework-v4.7.0-0-ge7753bc\codeigniter4-framework-e7753bc\system\Database\BaseBuilder.php(1649): CodeIgniter\Database\BaseConnection->query('SELECT *\nFROM `...', Array, false)
#3 C:\xampp\htdocs\codeigniter4-framework-v4.7.0-0-ge7753bc\codeigniter4-framework-e7753bc\system\Model.php(254): CodeIgniter\Database\BaseBuilder->get()
#4 C:\xampp\htdocs\codeigniter4-framework-v4.7.0-0-ge7753bc\codeigniter4-framework-e7753bc\system\BaseModel.php(675): CodeIgniter\Model->doFindAll(0, 0)
#5 C:\xampp\htdocs\codeigniter4-framework-v4.7.0-0-ge7753bc\codeigniter4-framework-e7753bc\app\Controllers\TaskController.php(14): CodeIgniter\BaseModel->findAll()
#6 C:\xampp\htdocs\codeigniter4-framework-v4.7.0-0-ge7753bc\codeigniter4-framework-e7753bc\system\CodeIgniter.php(951): App\Controllers\TaskController->index()
#7 C:\xampp\htdocs\codeigniter4-framework-v4.7.0-0-ge7753bc\codeigniter4-framework-e7753bc\system\CodeIgniter.php(497): CodeIgniter\CodeIgniter->runController(Object(App\Controllers\TaskController))
#8 C:\xampp\htdocs\codeigniter4-framework-v4.7.0-0-ge7753bc\codeigniter4-framework-e7753bc\system\CodeIgniter.php(340): CodeIgniter\CodeIgniter->handleRequest(NULL, Object(Config\Cache), false)
#9 C:\xampp\htdocs\codeigniter4-framework-v4.7.0-0-ge7753bc\codeigniter4-framework-e7753bc\system\Boot.php(417): CodeIgniter\CodeIgniter->run()
#10 C:\xampp\htdocs\codeigniter4-framework-v4.7.0-0-ge7753bc\codeigniter4-framework-e7753bc\system\Boot.php(68): CodeIgniter\Boot::runCodeIgniter(Object(CodeIgniter\CodeIgniter))
#11 C:\xampp\htdocs\codeigniter4-framework-v4.7.0-0-ge7753bc\codeigniter4-framework-e7753bc\public\index.php(60): CodeIgniter\Boot::bootWeb(Object(Config\Paths))
#12 C:\xampp\htdocs\codeigniter4-framework-v4.7.0-0-ge7753bc\codeigniter4-framework-e7753bc\system\rewrite.php(44): require_once('C:\\xampp\\htdocs...')
#13 {main}
CRITICAL - 2026-04-14 16:42:50 --> CodeIgniter\Database\Exceptions\DatabaseException: Unable to connect to the database.
Main connection [MySQLi]: Access denied for user ''@'localhost' (using password: NO)
[Method: GET, Route: /]
in SYSTEMPATH\Database\BaseConnection.php on line 465.
 1 SYSTEMPATH\Database\BaseConnection.php(654): CodeIgniter\Database\BaseConnection->initialize()
 2 SYSTEMPATH\Database\BaseBuilder.php(1649): CodeIgniter\Database\BaseConnection->query('SELECT *
FROM `tasks`', [], false)
 3 SYSTEMPATH\Model.php(254): CodeIgniter\Database\BaseBuilder->get()
 4 SYSTEMPATH\BaseModel.php(675): CodeIgniter\Model->doFindAll(0, 0)
 5 APPPATH\Controllers\TaskController.php(14): CodeIgniter\BaseModel->findAll()
 6 SYSTEMPATH\CodeIgniter.php(951): App\Controllers\TaskController->index()
 7 SYSTEMPATH\CodeIgniter.php(497): CodeIgniter\CodeIgniter->runController(Object(App\Controllers\TaskController))
 8 SYSTEMPATH\CodeIgniter.php(340): CodeIgniter\CodeIgniter->handleRequest(null, Object(Config\Cache), false)
 9 SYSTEMPATH\Boot.php(417): CodeIgniter\CodeIgniter->run()
10 SYSTEMPATH\Boot.php(68): CodeIgniter\Boot::runCodeIgniter(Object(CodeIgniter\CodeIgniter))
11 FCPATH\index.php(60): CodeIgniter\Boot::bootWeb(Object(Config\Paths))
12 SYSTEMPATH\rewrite.php(44): require_once('C:\\xampp\\htdocs\\codeigniter4-framework-v4.7.0-0-ge7753bc\\codeigniter4-framework-e7753bc\\public\\index.php')
ERROR - 2026-04-14 16:42:52 --> Error connecting to the database: mysqli_sql_exception: Access denied for user ''@'localhost' (using password: NO) in C:\xampp\htdocs\codeigniter4-framework-v4.7.0-0-ge7753bc\codeigniter4-framework-e7753bc\system\Database\MySQLi\Connection.php:201
Stack trace:
#0 C:\xampp\htdocs\codeigniter4-framework-v4.7.0-0-ge7753bc\codeigniter4-framework-e7753bc\system\Database\MySQLi\Connection.php(201): mysqli->real_connect('localhost', '', Object(SensitiveParameterValue), '', 3306, '', 0)
#1 C:\xampp\htdocs\codeigniter4-framework-v4.7.0-0-ge7753bc\codeigniter4-framework-e7753bc\system\Database\BaseConnection.php(419): CodeIgniter\Database\MySQLi\Connection->connect(false)
#2 C:\xampp\htdocs\codeigniter4-framework-v4.7.0-0-ge7753bc\codeigniter4-framework-e7753bc\system\Database\BaseConnection.php(654): CodeIgniter\Database\BaseConnection->initialize()
#3 C:\xampp\htdocs\codeigniter4-framework-v4.7.0-0-ge7753bc\codeigniter4-framework-e7753bc\system\Database\BaseBuilder.php(1649): CodeIgniter\Database\BaseConnection->query('SELECT *\nFROM `...', Array, false)
#4 C:\xampp\htdocs\codeigniter4-framework-v4.7.0-0-ge7753bc\codeigniter4-framework-e7753bc\system\Model.php(254): CodeIgniter\Database\BaseBuilder->get()
#5 C:\xampp\htdocs\codeigniter4-framework-v4.7.0-0-ge7753bc\codeigniter4-framework-e7753bc\system\BaseModel.php(675): CodeIgniter\Model->doFindAll(0, 0)
#6 C:\xampp\htdocs\codeigniter4-framework-v4.7.0-0-ge7753bc\codeigniter4-framework-e7753bc\app\Controllers\TaskController.php(14): CodeIgniter\BaseModel->findAll()
#7 C:\xampp\htdocs\codeigniter4-framework-v4.7.0-0-ge7753bc\codeigniter4-framework-e7753bc\system\CodeIgniter.php(951): App\Controllers\TaskController->index()
#8 C:\xampp\htdocs\codeigniter4-framework-v4.7.0-0-ge7753bc\codeigniter4-framework-e7753bc\system\CodeIgniter.php(497): CodeIgniter\CodeIgniter->runController(Object(App\Controllers\TaskController))
#9 C:\xampp\htdocs\codeigniter4-framework-v4.7.0-0-ge7753bc\codeigniter4-framework-e7753bc\system\CodeIgniter.php(340): CodeIgniter\CodeIgniter->handleRequest(NULL, Object(Config\Cache), false)
#10 C:\xampp\htdocs\codeigniter4-framework-v4.7.0-0-ge7753bc\codeigniter4-framework-e7753bc\system\Boot.php(417): CodeIgniter\CodeIgniter->run()
#11 C:\xampp\htdocs\codeigniter4-framework-v4.7.0-0-ge7753bc\codeigniter4-framework-e7753bc\system\Boot.php(68): CodeIgniter\Boot::runCodeIgniter(Object(CodeIgniter\CodeIgniter))
#12 C:\xampp\htdocs\codeigniter4-framework-v4.7.0-0-ge7753bc\codeigniter4-framework-e7753bc\public\index.php(60): CodeIgniter\Boot::bootWeb(Object(Config\Paths))
#13 C:\xampp\htdocs\codeigniter4-framework-v4.7.0-0-ge7753bc\codeigniter4-framework-e7753bc\system\rewrite.php(44): require_once('C:\\xampp\\htdocs...')
#14 {main}

Next CodeIgniter\Database\Exceptions\DatabaseException: Access denied for user ''@'localhost' (using password: NO) in C:\xampp\htdocs\codeigniter4-framework-v4.7.0-0-ge7753bc\codeigniter4-framework-e7753bc\system\Database\MySQLi\Connection.php:231
Stack trace:
#0 C:\xampp\htdocs\codeigniter4-framework-v4.7.0-0-ge7753bc\codeigniter4-framework-e7753bc\system\Database\BaseConnection.php(419): CodeIgniter\Database\MySQLi\Connection->connect(false)
#1 C:\xampp\htdocs\codeigniter4-framework-v4.7.0-0-ge7753bc\codeigniter4-framework-e7753bc\system\Database\BaseConnection.php(654): CodeIgniter\Database\BaseConnection->initialize()
#2 C:\xampp\htdocs\codeigniter4-framework-v4.7.0-0-ge7753bc\codeigniter4-framework-e7753bc\system\Database\BaseBuilder.php(1649): CodeIgniter\Database\BaseConnection->query('SELECT *\nFROM `...', Array, false)
#3 C:\xampp\htdocs\codeigniter4-framework-v4.7.0-0-ge7753bc\codeigniter4-framework-e7753bc\system\Model.php(254): CodeIgniter\Database\BaseBuilder->get()
#4 C:\xampp\htdocs\codeigniter4-framework-v4.7.0-0-ge7753bc\codeigniter4-framework-e7753bc\system\BaseModel.php(675): CodeIgniter\Model->doFindAll(0, 0)
#5 C:\xampp\htdocs\codeigniter4-framework-v4.7.0-0-ge7753bc\codeigniter4-framework-e7753bc\app\Controllers\TaskController.php(14): CodeIgniter\BaseModel->findAll()
#6 C:\xampp\htdocs\codeigniter4-framework-v4.7.0-0-ge7753bc\codeigniter4-framework-e7753bc\system\CodeIgniter.php(951): App\Controllers\TaskController->index()
#7 C:\xampp\htdocs\codeigniter4-framework-v4.7.0-0-ge7753bc\codeigniter4-framework-e7753bc\system\CodeIgniter.php(497): CodeIgniter\CodeIgniter->runController(Object(App\Controllers\TaskController))
#8 C:\xampp\htdocs\codeigniter4-framework-v4.7.0-0-ge7753bc\codeigniter4-framework-e7753bc\system\CodeIgniter.php(340): CodeIgniter\CodeIgniter->handleRequest(NULL, Object(Config\Cache), false)
#9 C:\xampp\htdocs\codeigniter4-framework-v4.7.0-0-ge7753bc\codeigniter4-framework-e7753bc\system\Boot.php(417): CodeIgniter\CodeIgniter->run()
#10 C:\xampp\htdocs\codeigniter4-framework-v4.7.0-0-ge7753bc\codeigniter4-framework-e7753bc\system\Boot.php(68): CodeIgniter\Boot::runCodeIgniter(Object(CodeIgniter\CodeIgniter))
#11 C:\xampp\htdocs\codeigniter4-framework-v4.7.0-0-ge7753bc\codeigniter4-framework-e7753bc\public\index.php(60): CodeIgniter\Boot::bootWeb(Object(Config\Paths))
#12 C:\xampp\htdocs\codeigniter4-framework-v4.7.0-0-ge7753bc\codeigniter4-framework-e7753bc\system\rewrite.php(44): require_once('C:\\xampp\\htdocs...')
#13 {main}
CRITICAL - 2026-04-14 16:42:52 --> CodeIgniter\Database\Exceptions\DatabaseException: Unable to connect to the database.
Main connection [MySQLi]: Access denied for user ''@'localhost' (using password: NO)
[Method: GET, Route: /]
in SYSTEMPATH\Database\BaseConnection.php on line 465.
 1 SYSTEMPATH\Database\BaseConnection.php(654): CodeIgniter\Database\BaseConnection->initialize()
 2 SYSTEMPATH\Database\BaseBuilder.php(1649): CodeIgniter\Database\BaseConnection->query('SELECT *
FROM `tasks`', [], false)
 3 SYSTEMPATH\Model.php(254): CodeIgniter\Database\BaseBuilder->get()
 4 SYSTEMPATH\BaseModel.php(675): CodeIgniter\Model->doFindAll(0, 0)
 5 APPPATH\Controllers\TaskController.php(14): CodeIgniter\BaseModel->findAll()
 6 SYSTEMPATH\CodeIgniter.php(951): App\Controllers\TaskController->index()
 7 SYSTEMPATH\CodeIgniter.php(497): CodeIgniter\CodeIgniter->runController(Object(App\Controllers\TaskController))
 8 SYSTEMPATH\CodeIgniter.php(340): CodeIgniter\CodeIgniter->handleRequest(null, Object(Config\Cache), false)
 9 SYSTEMPATH\Boot.php(417): CodeIgniter\CodeIgniter->run()
10 SYSTEMPATH\Boot.php(68): CodeIgniter\Boot::runCodeIgniter(Object(CodeIgniter\CodeIgniter))
11 FCPATH\index.php(60): CodeIgniter\Boot::bootWeb(Object(Config\Paths))
12 SYSTEMPATH\rewrite.php(44): require_once('C:\\xampp\\htdocs\\codeigniter4-framework-v4.7.0-0-ge7753bc\\codeigniter4-framework-e7753bc\\public\\index.php')
